2023-12-20 10:11:58,407 INFO o.a.j.u.JMeterUtils: Setting Locale to en_EN
2023-12-20 10:11:58,462 INFO o.a.j.JMeter: Loading user properties from: user.properties
2023-12-20 10:11:58,463 INFO o.a.j.JMeter: Loading system properties from: system.properties
2023-12-20 10:11:58,470 INFO o.a.j.JMeter: Copyright (c) 1998-2023 The Apache Software Foundation
2023-12-20 10:11:58,470 INFO o.a.j.JMeter: Version 5.6.2
2023-12-20 10:11:58,470 INFO o.a.j.JMeter: java.version=21.0.1
2023-12-20 10:11:58,470 INFO o.a.j.JMeter: java.vm.name=OpenJDK 64-Bit Server VM
2023-12-20 10:11:58,470 INFO o.a.j.JMeter: os.name=Mac OS X
2023-12-20 10:11:58,470 INFO o.a.j.JMeter: os.arch=x86_64
2023-12-20 10:11:58,470 INFO o.a.j.JMeter: os.version=14.2
2023-12-20 10:11:58,470 INFO o.a.j.JMeter: file.encoding=UTF-8
2023-12-20 10:11:58,471 INFO o.a.j.JMeter: java.awt.headless=null
2023-12-20 10:11:58,471 INFO o.a.j.JMeter: Max memory     =1073741824
2023-12-20 10:11:58,471 INFO o.a.j.JMeter: Available Processors =10
2023-12-20 10:11:58,484 INFO o.a.j.JMeter: Default Locale=English (EN)
2023-12-20 10:11:58,484 INFO o.a.j.JMeter: JMeter  Locale=English (EN)
2023-12-20 10:11:58,484 INFO o.a.j.JMeter: JMeterHome=/Users/huiduan/Downloads/apache-jmeter-5.6.2
2023-12-20 10:11:58,484 INFO o.a.j.JMeter: user.dir  =/Users/huiduan/Downloads/apache-jmeter-5.6.2/bin
2023-12-20 10:11:58,484 INFO o.a.j.JMeter: PWD       =/Users/huiduan/Downloads/apache-jmeter-5.6.2/bin
2023-12-20 10:11:58,486 INFO o.a.j.JMeter: IP: 127.0.0.1 Name: MacBook-Pro.local FullName: localhost
2023-12-20 10:11:58,503 INFO o.a.j.JMeter: Loaded icon properties from org/apache/jmeter/images/icon.properties
2023-12-20 10:11:59,594 INFO o.a.j.JMeterGuiLauncher: Setting LAF to: com.github.weisj.darklaf.DarkLaf:com.github.weisj.darklaf.theme.DarculaTheme
2023-12-20 10:12:01,847 INFO o.a.j.r.ClassFinder: Will scan jar /Users/huiduan/Downloads/apache-jmeter-5.6.2/lib/ext/jmeter-plugins-manager-1.10.jar with filter ExtendsClassFilter [parents=[interface org.apache.jmeter.gui.action.Command], inner=false, contains=null, notContains=null]. Consider exposing JMeter plugins via META-INF/services, and add JMeter-Skip-Class-Scanning=true manifest attribute so JMeter can skip classfile scanning
2023-12-20 10:12:02,035 INFO o.a.j.r.ClassFinder: Will scan jar /Users/huiduan/Downloads/apache-jmeter-5.6.2/lib/ext/jmeter-plugins-manager-1.10.jar with filter ExtendsClassFilter [parents=[interface org.apache.jmeter.gui.plugin.MenuCreator], inner=false, contains=null, notContains=null]. Consider exposing JMeter plugins via META-INF/services, and add JMeter-Skip-Class-Scanning=true manifest attribute so JMeter can skip classfile scanning
2023-12-20 10:12:02,198 INFO o.j.r.JARSourceHTTP: Requesting https://jmeter-plugins.org/repo/?installID=mac_os_x-4c981f3a96d8fbd5ffc4a3d9ec100481-gui
2023-12-20 10:12:04,191 INFO o.j.r.PluginManager: Plugins Status: [jpgc-plugins-manager=1.10, jmeter-core=5.6.2, jmeter-ftp=5.6.2, jmeter-http=5.6.2, jmeter-jdbc=5.6.2, jmeter-jms=5.6.2, jmeter-junit=5.6.2, jmeter-java=5.6.2, jmeter-ldap=5.6.2, jmeter-mail=5.6.2, jmeter-mongodb=5.6.2, jmeter-native=5.6.2, jmeter-tcp=5.6.2, jmeter-components=5.6.2]
2023-12-20 10:12:12,697 INFO o.a.j.s.FileServer: Default base='/Users/huiduan/Downloads/apache-jmeter-5.6.2/bin'
2023-12-20 10:12:12,701 INFO o.a.j.g.a.Load: Loading file: /Users/huiduan/Downloads/JSP_Servlet.jmx
2023-12-20 10:12:12,701 INFO o.a.j.s.FileServer: Set new base='/Users/huiduan/Downloads'
2023-12-20 10:12:12,980 INFO o.a.j.s.SaveService: Testplan (JMX) version: 2.2. Testlog (JTL) version: 2.2
2023-12-20 10:12:12,992 INFO o.a.j.s.SaveService: Using SaveService properties version 5.0
2023-12-20 10:12:12,994 INFO o.a.j.s.SaveService: Using SaveService properties file encoding UTF-8
2023-12-20 10:12:12,995 INFO o.a.j.s.SaveService: Loading file: /Users/huiduan/Downloads/JSP_Servlet.jmx
2023-12-20 10:12:13,136 INFO o.a.j.p.h.s.HTTPSamplerBase: Parser for text/html is org.apache.jmeter.protocol.http.parser.LagartoBasedHtmlParser
2023-12-20 10:12:13,136 INFO o.a.j.p.h.s.HTTPSamplerBase: Parser for application/xhtml+xml is org.apache.jmeter.protocol.http.parser.LagartoBasedHtmlParser
2023-12-20 10:12:13,136 INFO o.a.j.p.h.s.HTTPSamplerBase: Parser for application/xml is org.apache.jmeter.protocol.http.parser.LagartoBasedHtmlParser
2023-12-20 10:12:13,136 INFO o.a.j.p.h.s.HTTPSamplerBase: Parser for text/xml is org.apache.jmeter.protocol.http.parser.LagartoBasedHtmlParser
2023-12-20 10:12:13,136 INFO o.a.j.p.h.s.HTTPSamplerBase: Parser for text/vnd.wap.wml is org.apache.jmeter.protocol.http.parser.RegexpHTMLParser
2023-12-20 10:12:13,136 INFO o.a.j.p.h.s.HTTPSamplerBase: Parser for text/css is org.apache.jmeter.protocol.http.parser.CssParser
2023-12-20 10:12:13,449 INFO o.a.j.s.SampleResult: Note: Sample TimeStamps are START times
2023-12-20 10:12:13,450 INFO o.a.j.s.SampleResult: sampleresult.default.encoding is set to UTF-8
2023-12-20 10:12:13,450 INFO o.a.j.s.SampleResult: sampleresult.useNanoTime=true
2023-12-20 10:12:13,450 INFO o.a.j.s.SampleResult: sampleresult.nanoThreadSleep=5000
2023-12-20 10:12:13,559 INFO o.a.j.r.ClassFinder: Will scan jar /Users/huiduan/Downloads/apache-jmeter-5.6.2/lib/ext/jmeter-plugins-manager-1.10.jar with filter ExtendsClassFilter [parents=[interface org.apache.jmeter.visualizers.ResultRenderer], inner=false, contains=null, notContains=null]. Consider exposing JMeter plugins via META-INF/services, and add JMeter-Skip-Class-Scanning=true manifest attribute so JMeter can skip classfile scanning
2023-12-20 10:12:13,613 INFO o.a.j.r.ClassFinder: Will scan jar /Users/huiduan/Downloads/apache-jmeter-5.6.2/lib/ext/jmeter-plugins-manager-1.10.jar with filter ExtendsClassFilter [parents=[interface org.apache.jmeter.visualizers.RequestView], inner=false, contains=null, notContains=null]. Consider exposing JMeter plugins via META-INF/services, and add JMeter-Skip-Class-Scanning=true manifest attribute so JMeter can skip classfile scanning
2023-12-20 10:12:13,949 INFO o.a.j.s.FileServer: Set new base='/Users/huiduan/Downloads'
2023-12-21 07:11:03,202 INFO o.a.j.e.u.CompoundVariable: Note: Function class names must contain the string: '.functions.'
2023-12-21 07:11:03,211 INFO o.a.j.e.u.CompoundVariable: Note: Function class names must not contain the string: '.gui.'
2023-12-21 07:11:03,364 INFO o.a.j.r.ClassFinder: Will scan jar /Users/huiduan/Downloads/apache-jmeter-5.6.2/lib/ext/jmeter-plugins-manager-1.10.jar with filter ExtendsClassFilter [parents=[interface org.apache.jmeter.functions.Function], inner=false, contains=null, notContains=null]. Consider exposing JMeter plugins via META-INF/services, and add JMeter-Skip-Class-Scanning=true manifest attribute so JMeter can skip classfile scanning
2023-12-21 07:14:22,415 ERROR o.a.j.f.RandomDate: Failed to parse End date ''
java.time.format.DateTimeParseException: Text '' could not be parsed at index 0
	at java.time.format.DateTimeFormatter.parseResolved0(DateTimeFormatter.java:2108) ~[?:?]
	at java.time.format.DateTimeFormatter.parse(DateTimeFormatter.java:2010) ~[?:?]
	at java.time.LocalDate.parse(LocalDate.java:435) ~[?:?]
	at org.apache.jmeter.functions.RandomDate.execute(RandomDate.java:186) ~[ApacheJMeter_functions.jar:5.6.2]
	at org.apache.jmeter.engine.util.CompoundVariable.execute(CompoundVariable.java:139) ~[ApacheJMeter_core.jar:5.6.2]
	at org.apache.jmeter.engine.util.CompoundVariable.execute(CompoundVariable.java:114) ~[ApacheJMeter_core.jar:5.6.2]
	at org.apache.jmeter.functions.gui.FunctionHelper.actionPerformed(FunctionHelper.java:254) ~[ApacheJMeter_core.jar:5.6.2]
	at javax.swing.AbstractButton.fireActionPerformed(AbstractButton.java:1972) ~[?:?]
	at javax.swing.AbstractButton$Handler.actionPerformed(AbstractButton.java:2314) ~[?:?]
	at javax.swing.DefaultButtonModel.fireActionPerformed(DefaultButtonModel.java:407) ~[?:?]
	at javax.swing.DefaultButtonModel.setPressed(DefaultButtonModel.java:262) ~[?:?]
	at javax.swing.plaf.basic.BasicButtonListener.mouseReleased(BasicButtonListener.java:279) ~[?:?]
	at com.github.weisj.darklaf.ui.button.DarkButtonListener.mouseReleased(DarkButtonListener.java:72) ~[darklaf-core-2.7.3.jar:2.7.3]
	at java.awt.Component.processMouseEvent(Component.java:6621) ~[?:?]
	at javax.swing.JComponent.processMouseEvent(JComponent.java:3398) ~[?:?]
	at java.awt.Component.processEvent(Component.java:6386) ~[?:?]
	at java.awt.Container.processEvent(Container.java:2266) ~[?:?]
	at java.awt.Component.dispatchEventImpl(Component.java:4996) ~[?:?]
	at java.awt.Container.dispatchEventImpl(Container.java:2324) ~[?:?]
	at java.awt.Component.dispatchEvent(Component.java:4828) ~[?:?]
	at java.awt.LightweightDispatcher.retargetMouseEvent(Container.java:4948) ~[?:?]
	at java.awt.LightweightDispatcher.processMouseEvent(Container.java:4575) ~[?:?]
	at java.awt.LightweightDispatcher.dispatchEvent(Container.java:4516) ~[?:?]
	at java.awt.Container.dispatchEventImpl(Container.java:2310) ~[?:?]
	at java.awt.Window.dispatchEventImpl(Window.java:2780) ~[?:?]
	at java.awt.Component.dispatchEvent(Component.java:4828) ~[?:?]
	at java.awt.EventQueue.dispatchEventImpl(EventQueue.java:775) ~[?:?]
	at java.awt.EventQueue$4.run(EventQueue.java:720) ~[?:?]
	at java.awt.EventQueue$4.run(EventQueue.java:714) ~[?:?]
	at java.security.AccessController.doPrivileged(AccessController.java:400) [?:?]
	at java.security.ProtectionDomain$JavaSecurityAccessImpl.doIntersectionPrivilege(ProtectionDomain.java:87) ~[?:?]
	at java.security.ProtectionDomain$JavaSecurityAccessImpl.doIntersectionPrivilege(ProtectionDomain.java:98) ~[?:?]
	at java.awt.EventQueue$5.run(EventQueue.java:747) ~[?:?]
	at java.awt.EventQueue$5.run(EventQueue.java:745) ~[?:?]
	at java.security.AccessController.doPrivileged(AccessController.java:400) [?:?]
	at java.security.ProtectionDomain$JavaSecurityAccessImpl.doIntersectionPrivilege(ProtectionDomain.java:87) [?:?]
	at java.awt.EventQueue.dispatchEvent(EventQueue.java:744) [?:?]
	at java.awt.EventDispatchThread.pumpOneEventForFilters(EventDispatchThread.java:203) [?:?]
	at java.awt.EventDispatchThread.pumpEventsForFilter(EventDispatchThread.java:124) [?:?]
	at java.awt.EventDispatchThread.pumpEventsForHierarchy(EventDispatchThread.java:113) [?:?]
	at java.awt.EventDispatchThread.pumpEvents(EventDispatchThread.java:109) [?:?]
	at java.awt.EventDispatchThread.pumpEvents(EventDispatchThread.java:101) [?:?]
	at java.awt.EventDispatchThread.run(EventDispatchThread.java:90) [?:?]
2023-12-21 07:14:22,435 ERROR o.a.j.f.RandomDate: End Date '' must be greater than Start Date ''
2023-12-21 11:02:25,042 INFO o.a.j.g.a.t.TemplateManager: Reading templates from: /Users/huiduan/Downloads/apache-jmeter-5.6.2/bin/templates/templates.xml
2024-01-05 20:49:02,028 INFO o.a.j.e.StandardJMeterEngine: Running the test!
2024-01-05 20:49:02,040 INFO o.a.j.s.SampleEvent: List of sample_variables: []
2024-01-05 20:49:02,041 INFO o.a.j.s.SampleEvent: List of sample_variables: []
2024-01-05 20:49:02,060 INFO o.a.j.g.u.JMeterMenuBar: setRunning(true, *local*)
2024-01-05 20:49:02,377 INFO o.a.j.e.StandardJMeterEngine: Starting ThreadGroup: 1 : Thread Group
2024-01-05 20:49:02,414 INFO o.a.j.e.StandardJMeterEngine: Starting 10 threads for group Thread Group.
2024-01-05 20:49:02,417 INFO o.a.j.e.StandardJMeterEngine: Thread will continue on error
2024-01-05 20:49:02,427 INFO o.a.j.t.ThreadGroup: Starting thread group... number=1 threads=10 ramp-up=1 delayedStart=false
2024-01-05 20:49:02,554 ERROR o.a.j.u.JMeterUtils: Error occurred starting thread group :Thread Group, error message:Invalid duration 0 set in Thread Group:Thread Group, 
see log file for more details
org.apache.jorphan.util.JMeterStopTestException: Invalid duration 0 set in Thread Group:Thread Group
	at org.apache.jmeter.threads.ThreadGroup.scheduleThread(ThreadGroup.java:215) ~[ApacheJMeter_core.jar:5.6.2]
	at org.apache.jmeter.threads.ThreadGroup.startNewThread(ThreadGroup.java:274) ~[ApacheJMeter_core.jar:5.6.2]
	at org.apache.jmeter.threads.ThreadGroup.start(ThreadGroup.java:254) ~[ApacheJMeter_core.jar:5.6.2]
	at org.apache.jmeter.engine.StandardJMeterEngine.startThreadGroup(StandardJMeterEngine.java:569) ~[ApacheJMeter_core.jar:5.6.2]
	at org.apache.jmeter.engine.StandardJMeterEngine.run(StandardJMeterEngine.java:494) ~[ApacheJMeter_core.jar:5.6.2]
	at java.util.concurrent.Executors$RunnableAdapter.call(Executors.java:572) ~[?:?]
	at java.util.concurrent.FutureTask.run(FutureTask.java:317) ~[?:?]
	at java.util.concurrent.ThreadPoolExecutor.runWorker(ThreadPoolExecutor.java:1144) ~[?:?]
	at java.util.concurrent.ThreadPoolExecutor$Worker.run(ThreadPoolExecutor.java:642) ~[?:?]
	at java.lang.Thread.run(Thread.java:1583) [?:?]
2024-01-05 20:49:02,619 INFO o.a.j.e.StandardJMeterEngine: All thread groups have been started
2024-01-05 20:49:02,619 INFO o.a.j.e.StandardJMeterEngine: Notifying test listeners of end of test
2024-01-05 20:49:02,623 INFO o.a.j.g.u.JMeterMenuBar: setRunning(false, *local*)
2024-01-05 20:49:27,742 INFO o.a.j.r.ClassFinder: Will scan jar /Users/huiduan/Downloads/apache-jmeter-5.6.2/lib/ext/jmeter-plugins-manager-1.10.jar with filter ExtendsClassFilter [parents=[interface org.apache.jmeter.visualizers.ResultRenderer], inner=false, contains=null, notContains=null]. Consider exposing JMeter plugins via META-INF/services, and add JMeter-Skip-Class-Scanning=true manifest attribute so JMeter can skip classfile scanning
2024-01-05 20:49:27,785 INFO o.a.j.r.ClassFinder: Will scan jar /Users/huiduan/Downloads/apache-jmeter-5.6.2/lib/ext/jmeter-plugins-manager-1.10.jar with filter ExtendsClassFilter [parents=[interface org.apache.jmeter.visualizers.RequestView], inner=false, contains=null, notContains=null]. Consider exposing JMeter plugins via META-INF/services, and add JMeter-Skip-Class-Scanning=true manifest attribute so JMeter can skip classfile scanning
2024-01-05 20:49:27,904 INFO o.a.j.g.a.Load: Loading file: /Users/huiduan/Downloads/HTTP Request.jmx
2024-01-05 20:49:27,905 INFO o.a.j.s.FileServer: Set new base='/Users/huiduan/Downloads'
2024-01-05 20:49:27,905 INFO o.a.j.s.SaveService: Loading file: /Users/huiduan/Downloads/HTTP Request.jmx
2024-01-05 20:49:28,102 INFO o.a.j.r.ClassFinder: Will scan jar /Users/huiduan/Downloads/apache-jmeter-5.6.2/lib/ext/jmeter-plugins-manager-1.10.jar with filter ExtendsClassFilter [parents=[interface org.apache.jmeter.visualizers.ResultRenderer], inner=false, contains=null, notContains=null]. Consider exposing JMeter plugins via META-INF/services, and add JMeter-Skip-Class-Scanning=true manifest attribute so JMeter can skip classfile scanning
2024-01-05 20:49:28,134 INFO o.a.j.r.ClassFinder: Will scan jar /Users/huiduan/Downloads/apache-jmeter-5.6.2/lib/ext/jmeter-plugins-manager-1.10.jar with filter ExtendsClassFilter [parents=[interface org.apache.jmeter.visualizers.RequestView], inner=false, contains=null, notContains=null]. Consider exposing JMeter plugins via META-INF/services, and add JMeter-Skip-Class-Scanning=true manifest attribute so JMeter can skip classfile scanning
2024-01-05 20:49:28,230 INFO o.a.j.s.FileServer: Set new base='/Users/huiduan/Downloads'
2024-01-05 20:50:41,390 INFO o.a.j.e.StandardJMeterEngine: Running the test!
2024-01-05 20:50:41,392 INFO o.a.j.s.SampleEvent: List of sample_variables: []
2024-01-05 20:50:41,394 INFO o.a.j.g.u.JMeterMenuBar: setRunning(true, *local*)
2024-01-05 20:50:41,506 INFO o.a.j.e.StandardJMeterEngine: Starting ThreadGroup: 1 : Thread Group
2024-01-05 20:50:41,529 INFO o.a.j.e.StandardJMeterEngine: Starting 1 threads for group Thread Group.
2024-01-05 20:50:41,532 INFO o.a.j.e.StandardJMeterEngine: Thread will continue on error
2024-01-05 20:50:41,536 INFO o.a.j.t.ThreadGroup: Starting thread group... number=1 threads=1 ramp-up=1 delayedStart=false
2024-01-05 20:50:41,589 INFO o.a.j.t.ThreadGroup: Started thread group number 1
2024-01-05 20:50:41,591 INFO o.a.j.e.StandardJMeterEngine: All thread groups have been started
2024-01-05 20:50:41,602 INFO o.a.j.t.JMeterThread: Thread started: Thread Group 1-1
2024-01-05 20:50:41,818 INFO o.a.j.p.h.s.HTTPHCAbstractImpl: Local host = MacBook-Pro.local
2024-01-05 20:50:41,840 INFO o.a.j.p.h.s.HTTPHC4Impl: HTTP request retry count = 0
2024-01-05 20:50:41,985 INFO o.a.j.p.h.s.h.LazyLayeredConnectionSocketFactory: Setting up HTTPS TrustAll Socket Factory
2024-01-05 20:50:41,993 INFO o.a.j.u.JsseSSLManager: Using default SSL protocol: TLS
2024-01-05 20:50:41,994 INFO o.a.j.u.JsseSSLManager: SSL session context: per-thread
2024-01-05 20:50:42,029 INFO o.a.j.u.SSLManager: JmeterKeyStore Location:  type JKS
2024-01-05 20:50:42,031 INFO o.a.j.u.SSLManager: KeyStore created OK
2024-01-05 20:50:42,032 WARN o.a.j.u.SSLManager: Keystore file not found, loading empty keystore
2024-01-05 20:50:42,277 INFO o.a.j.t.JMeterThread: Thread is done: Thread Group 1-1
2024-01-05 20:50:42,277 INFO o.a.j.t.JMeterThread: Thread finished: Thread Group 1-1
2024-01-05 20:50:42,282 INFO o.a.j.e.StandardJMeterEngine: Notifying test listeners of end of test
2024-01-05 20:50:42,285 INFO o.a.j.g.u.JMeterMenuBar: setRunning(false, *local*)
2024-01-05 20:51:48,434 INFO o.a.j.e.StandardJMeterEngine: Running the test!
2024-01-05 20:51:48,437 INFO o.a.j.s.SampleEvent: List of sample_variables: []
2024-01-05 20:51:48,441 INFO o.a.j.g.u.JMeterMenuBar: setRunning(true, *local*)
2024-01-05 20:51:48,548 INFO o.a.j.e.StandardJMeterEngine: Starting ThreadGroup: 1 : Thread Group
2024-01-05 20:51:48,579 INFO o.a.j.e.StandardJMeterEngine: Starting 2 threads for group Thread Group.
2024-01-05 20:51:48,582 INFO o.a.j.e.StandardJMeterEngine: Thread will continue on error
2024-01-05 20:51:48,587 INFO o.a.j.t.ThreadGroup: Starting thread group... number=1 threads=2 ramp-up=1 delayedStart=false
2024-01-05 20:51:48,634 INFO o.a.j.t.ThreadGroup: Started thread group number 1
2024-01-05 20:51:48,637 INFO o.a.j.e.StandardJMeterEngine: All thread groups have been started
2024-01-05 20:51:48,641 INFO o.a.j.t.JMeterThread: Thread started: Thread Group 1-1
2024-01-05 20:51:48,942 INFO o.a.j.t.JMeterThread: Thread is done: Thread Group 1-1
2024-01-05 20:51:48,942 INFO o.a.j.t.JMeterThread: Thread finished: Thread Group 1-1
2024-01-05 20:51:49,106 INFO o.a.j.t.JMeterThread: Thread started: Thread Group 1-2
2024-01-05 20:51:49,617 INFO o.a.j.t.JMeterThread: Thread is done: Thread Group 1-2
2024-01-05 20:51:49,618 INFO o.a.j.t.JMeterThread: Thread finished: Thread Group 1-2
2024-01-05 20:51:49,619 INFO o.a.j.e.StandardJMeterEngine: Notifying test listeners of end of test
2024-01-05 20:51:49,622 INFO o.a.j.g.u.JMeterMenuBar: setRunning(false, *local*)
2024-01-05 21:38:37,799 INFO o.a.j.s.FileServer: Set new base='/Users/huiduan/Downloads'
2024-01-05 23:00:48,218 INFO o.a.j.s.FileServer: Set new base='/Users/huiduan/Downloads/apache-jmeter-5.6.2/bin'
2024-01-05 23:05:57,039 INFO o.a.j.s.FileServer: Set new base='/Users/huiduan/Downloads/apache-jmeter-5.6.2/bin/JMeter_Script'
